This file contains any messages produced by compilers while
running configure, to aid debugging if configure makes a mistake.

configure:603: checking for a BSD compatible install
configure:656: checking whether build environment is sane
configure:713: checking whether make sets ${MAKE}
configure:759: checking for working aclocal
configure:772: checking for working autoconf
configure:785: checking for working automake
configure:798: checking for working autoheader
configure:811: checking for working makeinfo
configure:844: checking host system type
configure:914: checking for gcc
configure:1027: checking whether the C compiler (gcc  ) works
configure:1043: gcc -o conftest    conftest.c  1>&5
configure:1069: checking whether the C compiler (gcc  ) is a cross-compiler
configure:1074: checking whether we are using GNU C
configure:1102: checking whether gcc accepts -g
configure:1134: checking how to run the C preprocessor
configure:1214: checking for Cygwin environment
configure:1247: checking for mingw32 environment
configure:1299: checking build system type
configure:1328: checking for ld used by GCC
configure:1396: checking if the linker (/usr/bin/ld) is GNU ld
configure:1413: checking for /usr/bin/ld option to reload object files
configure:1425: checking for BSD-compatible nm
configure:1461: checking whether ln -s works
configure:1482: checking how to recognise dependant libraries
configure:1596: checking for object suffix
configure:1622: checking for executable suffix
configure:1802: checking for ranlib
configure:1869: checking for strip
ltconfig:563:checking for gcc option to produce PIC
ltconfig:693:checking that gcc PIC flag -fPIC works.
ltconfig:702: gcc -c -g -O2 -fPIC -DPIC  conftest.c 1>&5
ltconfig:754: checking if gcc static flag -static works
ltconfig:762: gcc -o conftest -g -O2   -static conftest.c  1>&5
/usr/bin/ld: cannot find -lc
collect2: error: ld returned 1 exit status
ltconfig:799: checking if gcc supports -c -o file.o
ltconfig:800: gcc -c -g -O2 -o out/conftest2.o  conftest.c 1>&5
ltconfig:832: checking if gcc supports -c -o file.lo
ltconfig:833: gcc -c -g -O2 -c -o conftest.lo  conftest.c 1>&5
ltconfig:884: checking if gcc supports -fno-rtti -fno-exceptions
ltconfig:885: gcc -c -g -O2 -fno-rtti -fno-exceptions -c conftest.c  conftest.c 1>&5
ltconfig:1867: checking if global_symbol_pipe works
ltconfig:1868: gcc -c -g -O2  conftest.c 1>&5
ltconfig:1871: eval "/usr/bin/nm -B conftest.o | sed -n -e 's/^.*[ 	]\([ABCDGISTW]\)[ 	][ 	]*\(\)\([_A-Za-z][_A-Za-z0-9]*\)$/\1 \2\3 \3/p' > conftest.nm"
ltconfig:1923: gcc -o conftest -g -O2 -fno-builtin   conftest.c conftstm.o 1>&5
configure:2117: checking for a BSD compatible install
configure:2170: checking whether make sets ${MAKE}
configure:2198: checking for ANSI C header files
configure:2211: gcc -E  conftest.c >/dev/null 2>conftest.out
configure:2278: gcc -o conftest -g -O2   conftest.c  1>&5
configure: In function 'main':
configure:2273:67: warning: incompatible implicit declaration of built-in function 'exit' [enabled by default]
 if (XOR (islower (i), ISLOWER (i)) || toupper (i) != TOUPPER (i)) exit(2);
                                                                   ^
configure:2305: checking for math.h
configure:2315: gcc -E  conftest.c >/dev/null 2>conftest.out
configure:2305: checking for malloc.h
configure:2315: gcc -E  conftest.c >/dev/null 2>conftest.out
configure:2343: checking for working const
configure:2397: gcc -c -g -O2  conftest.c 1>&5
configure:2418: checking for inline
configure:2432: gcc -c -g -O2  conftest.c 1>&5
configure:2460: checking for strchr
configure:2488: gcc -o conftest -g -O2   conftest.c  1>&5
configure:2472:6: warning: conflicting types for built-in function 'strchr' [enabled by default]
 char $ac_func();
      ^
configure:2460: checking for memcpy
configure:2488: gcc -o conftest -g -O2   conftest.c  1>&5
configure:2472:6: warning: conflicting types for built-in function 'memcpy' [enabled by default]
 char $ac_func();
      ^
configure:2460: checking for memmove
configure:2488: gcc -o conftest -g -O2   conftest.c  1>&5
configure:2472:6: warning: conflicting types for built-in function 'memmove' [enabled by default]
 char $ac_func();
      ^
configure:2590: checking for pthread_create in -lpthread
configure:2609: gcc -o conftest -g -O2 -Wall -fomit-frame-pointer -ffast-math -fexpensive-optimizations -fstrict-aliasing -malign-loops=2 -malign-jumps=2 -malign-functions=2   conftest.c -lpthread   1>&5
cc1: warning: -malign-loops is obsolete, use -falign-loops [enabled by default]
cc1: warning: -malign-jumps is obsolete, use -falign-jumps [enabled by default]
cc1: warning: -malign-functions is obsolete, use -falign-functions [enabled by default]
configure:2628: checking for pthread.h
configure:2638: gcc -E  conftest.c >/dev/null 2>conftest.out
configure:2692: checking whether the binutils support cpuid
configure:2694: gcc -c -g -O2 -Wall -fomit-frame-pointer -ffast-math -fexpensive-optimizations -fstrict-aliasing -malign-loops=2 -malign-jumps=2 -malign-functions=2 -D_REENTRANT  -I./src/X86 conftest.S 1>&5
cc1: warning: -malign-loops is obsolete, use -falign-loops [enabled by default]
cc1: warning: -malign-jumps is obsolete, use -falign-jumps [enabled by default]
cc1: warning: -malign-functions is obsolete, use -falign-functions [enabled by default]
conftest.S: Assembler messages:
conftest.S:74: Error: invalid instruction suffix for `push'
conftest.S:79: Error: invalid instruction suffix for `pushf'
conftest.S:80: Error: invalid instruction suffix for `pop'
conftest.S:83: Error: invalid instruction suffix for `push'
conftest.S:84: Error: invalid instruction suffix for `popf'
conftest.S:85: Error: invalid instruction suffix for `pushf'
conftest.S:86: Error: invalid instruction suffix for `pop'
conftest.S:157: Error: invalid instruction suffix for `pop'
configure:2829: checking for glide.h
configure:2839: gcc -E   conftest.c >/dev/null 2>conftest.out
configure:2835:19: fatal error: glide.h: No such file or directory
 #include <glide.h>
                   ^
compilation terminated.
configure: failed program was:
#line 2834 "configure"
#include "confdefs.h"
#include <glide.h>
configure:2877: checking for glide/glide.h
configure:2887: gcc -E  -I/usr/include/glide -I/usr/local/include/glide conftest.c >/dev/null 2>conftest.out
configure:2883:25: fatal error: glide/glide.h: No such file or directory
 #include <glide/glide.h>
                         ^
compilation terminated.
configure: failed program was:
#line 2882 "configure"
#include "confdefs.h"
#include <glide/glide.h>
configure:2925: checking for glide2/glide.h
configure:2935: gcc -E  -I/usr/include/glide2 -I/usr/local/include/glide2 conftest.c >/dev/null 2>conftest.out
configure:2931:26: fatal error: glide2/glide.h: No such file or directory
 #include <glide2/glide.h>
                          ^
compilation terminated.
configure: failed program was:
#line 2930 "configure"
#include "confdefs.h"
#include <glide2/glide.h>
configure:2959: checking for glide3/glide.h
configure:2969: gcc -E  -I/usr/include/glide3 -I/usr/local/include/glide3 conftest.c >/dev/null 2>conftest.out
configure:2965:26: fatal error: glide3/glide.h: No such file or directory
 #include <glide3/glide.h>
                          ^
compilation terminated.
configure: failed program was:
#line 2964 "configure"
#include "confdefs.h"
#include <glide3/glide.h>
configure:3277: checking for ggi/ggi.h
configure:3287: gcc -E   conftest.c >/dev/null 2>conftest.out
configure:3283:21: fatal error: ggi/ggi.h: No such file or directory
 #include <ggi/ggi.h>
                     ^
compilation terminated.
configure: failed program was:
#line 3282 "configure"
#include "confdefs.h"
#include <ggi/ggi.h>
configure:3515: checking for vga.h
configure:3525: gcc -E   conftest.c >/dev/null 2>conftest.out
configure:3521:17: fatal error: vga.h: No such file or directory
 #include <vga.h>
                 ^
compilation terminated.
configure: failed program was:
#line 3520 "configure"
#include "confdefs.h"
#include <vga.h>
configure:3606: checking for X
configure:3673: gcc -E  conftest.c >/dev/null 2>conftest.out
configure:3669:27: fatal error: X11/Intrinsic.h: No such file or directory
 #include <$x_direct_test_include>
                           ^
compilation terminated.
configure: failed program was:
#line 3668 "configure"
#include "confdefs.h"
#include <X11/Intrinsic.h>
configure:3749: gcc -o conftest -g -O2 -Wall -fomit-frame-pointer -ffast-math -fexpensive-optimizations -fstrict-aliasing -malign-loops=2 -malign-jumps=2 -malign-functions=2 -D_REENTRANT   conftest.c -lXt  1>&5
cc1: warning: -malign-loops is obsolete, use -falign-loops [enabled by default]
cc1: warning: -malign-jumps is obsolete, use -falign-jumps [enabled by default]
cc1: warning: -malign-functions is obsolete, use -falign-functions [enabled by default]
configure: In function 'main':
configure:3745:1: warning: implicit declaration of function 'XtMalloc' [-Wimplicit-function-declaration]
 ${x_direct_test_function}()
 ^
/usr/bin/ld: cannot find -lXt
collect2: error: ld returned 1 exit status
configure: failed program was:
#line 3742 "configure"
#include "confdefs.h"

int main() {
XtMalloc()
; return 0; }
configure:4486: checking for sys/shm.h
configure:4496: gcc -E  conftest.c >/dev/null 2>conftest.out
configure:4539: checking for GL/glut.h
configure:4549: gcc -E   conftest.c >/dev/null 2>conftest.out
configure:4545:21: fatal error: GL/glut.h: No such file or directory
 #include <GL/glut.h>
                     ^
compilation terminated.
configure: failed program was:
#line 4544 "configure"
#include "confdefs.h"
#include <GL/glut.h>
configure:4620: checking for GLUT sources
configure:4653: checking for Mesa demos sources
